<?xml version="1.0" encoding="UTF-8"?>
<!-- Generated by org.testng.reporters.JUnitReportReporter -->
<testsuite hostname="Rohan" name="gapp.model.dao.DepartmentDaoTest" tests="1" failures="0" timestamp="2 Feb 2016 05:16:36 GMT" time="0.275" errors="0">
  <testcase name="getDepartments" time="0.275" classname="gapp.model.dao.DepartmentDaoTest"/>
</testsuite> <!-- gapp.model.dao.DepartmentDaoTest -->
